<?xml version="1.0" encoding="UTF-8"?>
<testsuite name="Writing assertions for rectangle" tests="3" skipped="0" failures="0" errors="0" timestamp="2022-09-03T03:51:19" hostname="gurushifu-gurushifugitp-f6opytkilnj" time="0.019">
  <properties/>
  <testcase name="When length is zero" classname="com.thoughtworks.rectangle.RectangleTest" time="0.014"/>
  <testcase name="When length and breadth is integer" classname="com.thoughtworks.rectangle.RectangleTest" time="0.002"/>
  <testcase name="When breadth is zero" classname="com.thoughtworks.rectangle.RectangleTest" time="0.001"/>
  <system-out><![CDATA[]]></system-out>
  <system-err><![CDATA[]]></system-err>
</testsuite>
